app/build/intermediates/manifest_merge_blame_file/debug/manifest-merger-blame-debug-report.txt
1<?xml version="1.0" encoding="utf-8"?>
2<!-- 请修改到您的 package name -->
3<manifest xmlns:android="http://schemas.android.com/apk/res/android"
4    xmlns:tools="http://schemas.Android.com/tools"
5    package="com.example.sdkdemo"
6    android:versionCode="229"
7    android:versionName="2.2.3" >
8
9    <uses-sdk
10        android:minSdkVersion="14"
10-->src/main/AndroidManifest.xml
11        android:targetSdkVersion="26" />
11-->src/main/AndroidManifest.xml
12
13    <!-- 网络 状态变化等信息 -->
14    <uses-permission android:name="android.permission.INTERNET" />
14-->src/main/AndroidManifest.xml:77:5-67
14-->src/main/AndroidManifest.xml:77:22-64
15    <uses-permission android:name="android.permission.ACCESS_WIFI_STATE" />
15-->src/main/AndroidManifest.xml:78:5-76
15-->src/main/AndroidManifest.xml:78:22-73
16    <uses-permission android:name="android.permission.ACCESS_NETWORK_STATE" />
16-->src/main/AndroidManifest.xml:79:5-79
16-->src/main/AndroidManifest.xml:79:22-76
17
18    <!-- 静态化资源 -->
19    <uses-permission android:name="android.permission.READ_EXTERNAL_STORAGE" />
19-->src/main/AndroidManifest.xml:82:5-80
19-->src/main/AndroidManifest.xml:82:22-77
20    <uses-permission android:name="android.permission.WRITE_EXTERNAL_STORAGE" />
20-->src/main/AndroidManifest.xml:83:5-81
20-->src/main/AndroidManifest.xml:83:22-78
21
22    <application
22-->src/main/AndroidManifest.xml:10:5-74:19
23        android:name="com.example.kepler.jd.sdkdemo.MyApplication"
23-->src/main/AndroidManifest.xml:11:9-67
24        android:allowBackup="true"
24-->[:jdsdk_lib] AndroidManifest.xml:9:18-44
25        android:debuggable="true"
26        android:icon="@drawable/ic_launcher"
26-->src/main/AndroidManifest.xml:12:9-45
27        android:label="@string/app_name"
27-->src/main/AndroidManifest.xml:13:9-41
28        android:largeHeap="true"
28-->src/main/AndroidManifest.xml:14:9-33
29        android:theme="@android:style/Theme.NoTitleBar"
29-->src/main/AndroidManifest.xml:15:9-56
30        tools:replace="android:icon, android:theme" >
30-->src/main/AndroidManifest.xml:16:9-52
31
32        <!-- 测试demo -->
33        <activity
33-->src/main/AndroidManifest.xml:20:9-31:20
34            android:name="com.example.kepler.jd.sdkdemo.StartActivityForSDK"
34-->src/main/AndroidManifest.xml:21:13-77
35            android:configChanges="orientation|keyboard"
35-->src/main/AndroidManifest.xml:22:13-57
36            android:label="@string/app_name"
36-->src/main/AndroidManifest.xml:23:13-45
37            android:windowSoftInputMode="stateHidden|stateUnchanged" >
37-->src/main/AndroidManifest.xml:25:13-69
38            <intent-filter>
38-->src/main/AndroidManifest.xml:26:13-30:29
39                <action android:name="android.intent.action.MAIN" />
39-->src/main/AndroidManifest.xml:27:17-69
39-->src/main/AndroidManifest.xml:27:25-66
40
41                <category android:name="android.intent.category.LAUNCHER" />
41-->src/main/AndroidManifest.xml:29:17-77
41-->src/main/AndroidManifest.xml:29:27-74
42            </intent-filter>
43        </activity>
44        <activity
44-->src/main/AndroidManifest.xml:32:9-34:61
45            android:name="com.example.kepler.jd.sdkdemo.WebAvtivity4Test"
45-->src/main/AndroidManifest.xml:33:13-74
46            android:screenOrientation="portrait" />
46-->src/main/AndroidManifest.xml:34:13-49
47
48        <!-- 需要添加 -->
49        <activity
49-->src/main/AndroidManifest.xml:37:9-52:20
50            android:name="com.kepler.jd.login.AuthSuccessActivity"
50-->src/main/AndroidManifest.xml:38:13-67
51            android:exported="true"
51-->src/main/AndroidManifest.xml:39:13-36
52            android:screenOrientation="portrait" >
52-->src/main/AndroidManifest.xml:40:13-49
53            <intent-filter android:priority="0x7FFFFFFF" >
53-->src/main/AndroidManifest.xml:42:13-49:29
53-->src/main/AndroidManifest.xml:42:28-57
54                <action android:name="android.intent.action.VIEW" />
54-->src/main/AndroidManifest.xml:43:17-69
54-->src/main/AndroidManifest.xml:43:25-66
55
56                <category android:name="android.intent.category.DEFAULT" />
56-->src/main/AndroidManifest.xml:45:17-76
56-->src/main/AndroidManifest.xml:45:27-73
57                <category android:name="android.intent.category.BROWSABLE" />
57-->src/main/AndroidManifest.xml:46:17-78
57-->src/main/AndroidManifest.xml:46:27-75
58            </intent-filter>
59        </activity>
60        <!-- 201版本添加 -->
61        <activity
61-->src/main/AndroidManifest.xml:54:9-58:76
62            android:name="com.kepler.jd.sdk.KeplerMidActivity"
62-->src/main/AndroidManifest.xml:55:13-63
63            android:screenOrientation="portrait"
63-->src/main/AndroidManifest.xml:56:13-49
64            android:theme="@android:style/Theme.Translucent.NoTitleBar.Fullscreen"
64-->src/main/AndroidManifest.xml:57:13-83
65            android:windowSoftInputMode="adjustPan|stateHidden" />
65-->src/main/AndroidManifest.xml:58:13-64
66        <activity
66-->src/main/AndroidManifest.xml:60:9-65:20
67            android:name="com.kepler.jd.sdk.WebViewActivity"
67-->src/main/AndroidManifest.xml:61:13-61
68            android:hardwareAccelerated="true"
68-->src/main/AndroidManifest.xml:62:13-47
69            android:screenOrientation="portrait"
69-->src/main/AndroidManifest.xml:63:13-49
70            android:windowSoftInputMode="adjustResize|stateHidden" >
70-->src/main/AndroidManifest.xml:64:13-67
71        </activity>
72
73        <!-- 使用Fragment的案例 -->
74        <activity android:name="com.example.kepler.jd.sdkdemo.fragment.WebViewFragmentActivity" >
74-->src/main/AndroidManifest.xml:68:9-69:20
74-->src/main/AndroidManifest.xml:68:19-96
75        </activity>
76        <!-- Tab使用Fragment的案例 -->
77        <activity
77-->src/main/AndroidManifest.xml:71:9-72:75
78            android:name="com.example.kepler.jd.sdkdemo.fragment.TabFragmentActivity"
78-->src/main/AndroidManifest.xml:71:19-92
79            android:theme="@style/Theme.AppCompat.NoActionBar" />
79-->src/main/AndroidManifest.xml:72:13-63
80
81        <meta-data
81-->[com.android.support:design:26.0.2] AndroidManifest.xml:26:9-28:38
82            android:name="android.support.VERSION"
82-->[com.android.support:design:26.0.2] AndroidManifest.xml:27:13-51
83            android:value="26.0.2" /> <!-- 直接回呼 -->
83-->[com.android.support:design:26.0.2] AndroidManifest.xml:28:13-35
84        <activity
84-->[:jdsdk_lib] AndroidManifest.xml:12:9-23:20
85            android:name="com.kepler.jd.sdk.KeplerBackActivity"
85-->[:jdsdk_lib] AndroidManifest.xml:13:13-64
86            android:exported="true"
86-->[:jdsdk_lib] AndroidManifest.xml:14:13-36
87            android:theme="@android:style/Theme.Translucent" >
87-->[:jdsdk_lib] AndroidManifest.xml:15:13-61
88            <intent-filter>
88-->[:jdsdk_lib] AndroidManifest.xml:16:13-22:29
89                <action android:name="android.intent.action.VIEW" />
89-->src/main/AndroidManifest.xml:43:17-69
89-->src/main/AndroidManifest.xml:43:25-66
90
91                <category android:name="android.intent.category.DEFAULT" />
91-->src/main/AndroidManifest.xml:45:17-76
91-->src/main/AndroidManifest.xml:45:27-73
92
93                <data android:scheme="sdkback7ac94770f7574f00a401657d8c9ac40d" />
93-->[:jdsdk_lib] AndroidManifest.xml:21:17-82
93-->[:jdsdk_lib] AndroidManifest.xml:21:23-79
94            </intent-filter>
95        </activity>
96    </application>
97
98</manifest>